[01m[K/home/emanuele/catkin_ws/src/CrazyS/rotors_control/src/nodes/high_level_resting_roll_thrust_controller.cpp:[m[K In function â€˜[01m[Kvoid HomePosition()[m[Kâ€™:
[01m[K/home/emanuele/catkin_ws/src/CrazyS/rotors_control/src/nodes/high_level_resting_roll_thrust_controller.cpp:397:1:[m[K [01;31m[Kerror: [m[Kâ€˜[01m[Kpos_msg[m[Kâ€™ was not declared in this scope
 [01;31m[Kpos_msg[m[K.header.stamp = ros::Time::now();
 [01;31m[K^~~~~~~[m[K
[01m[K/home/emanuele/catkin_ws/src/CrazyS/rotors_control/src/nodes/high_level_resting_roll_thrust_controller.cpp:397:1:[m[K [01;36m[Knote: [m[Ksuggested alternative: â€˜[01m[Kcmd_msg[m[Kâ€™
 [01;36m[Kpos_msg[m[K.header.stamp = ros::Time::now();
 [01;36m[K^~~~~~~[m[K
 [32m[Kcmd_msg[m[K
make[2]: *** [CMakeFiles/high_level_resting_roll_thrust_controller.dir/src/nodes/high_level_resting_roll_thrust_controller.cpp.o] Error 1
make[1]: *** [CMakeFiles/high_level_resting_roll_thrust_controller.dir/all] Error 2
make: *** [all] Error 2
